#
# There is insufficient memory for the Java Runtime Environment to continue.
# Native memory allocation (malloc) failed to allocate 908656 bytes for Chunk::new
# Possible reasons:
#   The system is out of physical RAM or swap space
#   The process is running with CompressedOops enabled, and the Java Heap may be blocking the growth of the native heap
# Possible solutions:
#   Reduce memory load on the system
#   Increase physical memory or swap space
#   Check if swap backing store is full
#   Decrease Java heap size (-Xmx/-Xms)
#   Decrease number of Java threads
#   Decrease Java thread stack sizes (-Xss)
#   Set larger code cache with -XX:ReservedCodeCacheSize=
#   JVM is running with Zero Based Compressed Oops mode in which the Java heap is
#     placed in the first 32GB address space. The Java Heap base address is the
#     maximum limit for the native heap growth. Please use -XX:HeapBaseMinAddress
#     to set the Java Heap base and to place the Java Heap above 32GB virtual address.
# This output file may be truncated or incomplete.
#
#  Out of Memory Error (allocation.cpp:389), pid=720, tid=0x0000000000002f7c
#
# JRE version: Java(TM) SE Runtime Environment (8.0_202-b08) (build 1.8.0_202-b08)
# Java VM: Java HotSpot(TM) 64-Bit Server VM (25.202-b08 mixed mode windows-amd64 compressed oops)
# Failed to write core dump. Minidumps are not enabled by default on client versions of Windows
#

---------------  T H R E A D  ---------------

Current thread (0x000000001f17c800):  JavaThread "C2 CompilerThread6" daemon [_thread_in_native, id=12156, stack(0x0000000022080000,0x0000000022180000)]

Stack: [0x0000000022080000,0x0000000022180000]
[error occurred during error reporting (printing stack bounds), id 0xc0000005]

Native frames: (J=compiled Java code, j=interpreted, Vv=VM code, C=native code)


Current CompileTask:
C2:   4937 3148       4       lombok.javac.JavacAST::buildLocalVar (109 bytes)


---------------  P R O C E S S  ---------------

Java Threads: ( => current thread )
  0x000000001f21a800 JavaThread "Service Thread" daemon [_thread_blocked, id=12148, stack(0x0000000022680000,0x0000000022780000)]
  0x000000001f179800 JavaThread "C1 CompilerThread11" daemon [_thread_blocked, id=6544, stack(0x0000000022580000,0x0000000022680000)]
  0x000000001f176800 JavaThread "C1 CompilerThread10" daemon [_thread_blocked, id=1460, stack(0x0000000022480000,0x0000000022580000)]
  0x000000001f17b800 JavaThread "C1 CompilerThread9" daemon [_thread_blocked, id=11516, stack(0x0000000022380000,0x0000000022480000)]
  0x000000001f177000 JavaThread "C1 CompilerThread8" daemon [_thread_blocked, id=12532, stack(0x0000000022280000,0x0000000022380000)]
  0x000000001f17d000 JavaThread "C2 CompilerThread7" daemon [_thread_in_native, id=8252, stack(0x0000000022180000,0x0000000022280000)]
=>0x000000001f17c800 JavaThread "C2 CompilerThread6" daemon [_thread_in_native, id=12156, stack(0x0000000022080000,0x0000000022180000)]
  0x000000001f155800 JavaThread "C2 CompilerThread5" daemon [_thread_in_native, id=6420, stack(0x0000000021e80000,0x0000000021f80000)]
  0x000000001f144000 JavaThread "C2 CompilerThread4" daemon [_thread_in_native, id=12980, stack(0x0000000021c80000,0x0000000021d80000)]
  0x000000001f143000 JavaThread "C2 CompilerThread3" daemon [_thread_blocked, id=5552, stack(0x0000000021b80000,0x0000000021c80000)]
  0x000000001f13f800 JavaThread "C2 CompilerThread2" daemon [_thread_in_native, id=368, stack(0x0000000021a80000,0x0000000021b80000)]
  0x000000001f137800 JavaThread "C2 CompilerThread1" daemon [_thread_in_native, id=4324, stack(0x0000000021980000,0x0000000021a80000)]
  0x000000001f134800 JavaThread "C2 CompilerThread0" daemon [_thread_in_native, id=2116, stack(0x0000000021880000,0x0000000021980000)]
  0x000000001f132000 JavaThread "Attach Listener" daemon [_thread_blocked, id=10704, stack(0x0000000021780000,0x0000000021880000)]
  0x000000001f131000 JavaThread "Signal Dispatcher" daemon [_thread_blocked, id=2672, stack(0x0000000021680000,0x0000000021780000)]
  0x000000001f11c000 JavaThread "Finalizer" daemon [_thread_blocked, id=9192, stack(0x0000000021490000,0x0000000021590000)]
  0x000000001f115800 JavaThread "Reference Handler" daemon [_thread_blocked, id=700, stack(0x0000000021390000,0x0000000021490000)]
  0x0000000002a82800 JavaThread "main" [_thread_in_Java, id=4912, stack(0x0000000002970000,0x0000000002a70000)]

Other Threads:
  0x000000001d021800 VMThread [stack: 0x0000000021290000,0x0000000021390000] [id=4264]
  0x000000001f223000 WatcherThread [stack: 0x0000000022780000,0x0000000022880000] [id=11688]

VM state:not at safepoint (normal execution)

VM Mutex/Monitor currently owned by a thread: None

heap address: 0x00000006c0c00000, size: 4084 MB, Compressed Oops mode: Zero based, Oop shift amount: 3
Narrow klass base: 0x0000000000000000, Narrow klass shift: 3
Compressed class space size: 1073741824 Address: 0x00000007c0000000

Heap:
 PSYoungGen      total 57856K, used 48217K [0x000000076af00000, 0x0000000771a80000, 0x00000007c0000000)
  eden space 18432K, 80% used [0x000000076af00000,0x000000076bd7e380,0x000000076c100000)
  from space 39424K, 84% used [0x000000076eb80000,0x0000000770c18318,0x0000000771200000)
  to   space 43520K, 0% used [0x000000076c100000,0x000000076c100000,0x000000076eb80000)
 ParOldGen       total 68096K, used 54037K [0x00000006c0c00000, 0x00000006c4e80000, 0x000000076af00000)
  object space 68096K, 79% used [0x00000006c0c00000,0x00000006c40c5450,0x00000006c4e80000)
 Metaspace       used 10891K, capacity 11088K, committed 11264K, reserved 1058816K
  class space    used 1195K, capacity 1246K, committed 1280K, reserved 1048576K

Card table byte_map: [0x0000000011f30000,0x0000000012730000] byte_map_base: 0x000000000e92a000

Marking Bits: (ParMarkBitMap*) 0x0000000072035ce0
 Begin Bits: [0x0000000013e90000, 0x0000000017e60000)
 End Bits:   [0x0000000017e60000, 0x000000001be30000)

Polling page: 0x0000000000840000

CodeCache: size=245760Kb used=14001Kb max_used=14017Kb free=231758Kb
 bounds [0x0000000002b70000, 0x0000000003930000, 0x0000000011b70000]
 total_blobs=3176 nmethods=2856 adapters=228
 compilation: enabled

Compilation events (10 events):
Event: 4.860 Thread 0x000000001f177000 nmethod 3151 0x000000000391cf90 code [0x000000000391d180, 0x000000000391db98]
Event: 4.904 Thread 0x000000001f143000 nmethod 3129 0x0000000003924490 code [0x0000000003924960, 0x0000000003928000]
Event: 4.904 Thread 0x000000001f143000 3152 %     4       java.net.URI::needsNormalization @ 123 (184 bytes)
Event: 4.909 Thread 0x000000001f143000 nmethod 3152% 0x0000000003920890 code [0x0000000003920a00, 0x0000000003920ef8]
Event: 4.917 Thread 0x000000001f143000 3153       4       java.util.AbstractMap::<init> (5 bytes)
Event: 4.918 Thread 0x000000001f143000 nmethod 3153 0x00000000038d8a90 code [0x00000000038d8bc0, 0x00000000038d8c18]
Event: 4.925 Thread 0x000000001f176800 3154       3       java.lang.Class::searchFields (41 bytes)
Event: 4.926 Thread 0x000000001f143000 3155 %     4       java.net.URI::needsNormalization @ 48 (184 bytes)
Event: 4.927 Thread 0x000000001f176800 nmethod 3154 0x000000000391f850 code [0x000000000391fa40, 0x0000000003920408]
Event: 4.935 Thread 0x000000001f143000 nmethod 3155% 0x0000000003921f10 code [0x0000000003922080, 0x00000000039224d8]

GC Heap History (10 events):
Event: 3.247 GC heap before
{Heap before GC invocations=22 (full 4):
 PSYoungGen      total 46080K, used 46053K [0x000000076af00000, 0x000000076fe00000, 0x00000007c0000000)
  eden space 23040K, 100% used [0x000000076af00000,0x000000076c580000,0x000000076c580000)
  from space 23040K, 99% used [0x000000076c580000,0x000000076dbf94f0,0x000000076dc00000)
  to   space 28160K, 0% used [0x000000076e280000,0x000000076e280000,0x000000076fe00000)
 ParOldGen       total 68096K, used 47108K [0x00000006c0c00000, 0x00000006c4e80000, 0x000000076af00000)
  object space 68096K, 69% used [0x00000006c0c00000,0x00000006c3a01160,0x00000006c4e80000)
 Metaspace       used 8683K, capacity 9172K, committed 9472K, reserved 1058816K
  class space    used 941K, capacity 976K, committed 1024K, reserved 1048576K
Event: 3.260 GC heap after
Heap after GC invocations=22 (full 4):
 PSYoungGen      total 50176K, used 21884K [0x000000076af00000, 0x0000000770300000, 0x00000007c0000000)
  eden space 22016K, 0% used [0x000000076af00000,0x000000076af00000,0x000000076c480000)
  from space 28160K, 77% used [0x000000076e280000,0x000000076f7df058,0x000000076fe00000)
  to   space 30720K, 0% used [0x000000076c480000,0x000000076c480000,0x000000076e280000)
 ParOldGen       total 68096K, used 54005K [0x00000006c0c00000, 0x00000006c4e80000, 0x000000076af00000)
  object space 68096K, 79% used [0x00000006c0c00000,0x00000006c40bd450,0x00000006c4e80000)
 Metaspace       used 8683K, capacity 9172K, committed 9472K, reserved 1058816K
  class space    used 941K, capacity 976K, committed 1024K, reserved 1048576K
}
Event: 4.079 GC heap before
{Heap before GC invocations=23 (full 4):
 PSYoungGen      total 50176K, used 43900K [0x000000076af00000, 0x0000000770300000, 0x00000007c0000000)
  eden space 22016K, 100% used [0x000000076af00000,0x000000076c480000,0x000000076c480000)
  from space 28160K, 77% used [0x000000076e280000,0x000000076f7df058,0x000000076fe00000)
  to   space 30720K, 0% used [0x000000076c480000,0x000000076c480000,0x000000076e280000)
 ParOldGen       total 68096K, used 54005K [0x00000006c0c00000, 0x00000006c4e80000, 0x000000076af00000)
  object space 68096K, 79% used [0x00000006c0c00000,0x00000006c40bd450,0x00000006c4e80000)
 Metaspace       used 9169K, capacity 9610K, committed 9728K, reserved 1058816K
  class space    used 977K, capacity 1014K, committed 1024K, reserved 1048576K
Event: 4.089 GC heap after
Heap after GC invocations=23 (full 4):
 PSYoungGen      total 52736K, used 25275K [0x000000076af00000, 0x0000000770800000, 0x00000007c0000000)
  eden space 22016K, 0% used [0x000000076af00000,0x000000076af00000,0x000000076c480000)
  from space 30720K, 82% used [0x000000076c480000,0x000000076dd2ee78,0x000000076e280000)
  to   space 33792K, 0% used [0x000000076e700000,0x000000076e700000,0x0000000770800000)
 ParOldGen       total 68096K, used 54013K [0x00000006c0c00000, 0x00000006c4e80000, 0x000000076af00000)
  object space 68096K, 79% used [0x00000006c0c00000,0x00000006c40bf450,0x00000006c4e80000)
 Metaspace       used 9169K, capacity 9610K, committed 9728K, reserved 1058816K
  class space    used 977K, capacity 1014K, committed 1024K, reserved 1048576K
}
Event: 4.466 GC heap before
{Heap before GC invocations=24 (full 4):
 PSYoungGen      total 52736K, used 47278K [0x000000076af00000, 0x0000000770800000, 0x00000007c0000000)
  eden space 22016K, 99% used [0x000000076af00000,0x000000076c47ca60,0x000000076c480000)
  from space 30720K, 82% used [0x000000076c480000,0x000000076dd2ee78,0x000000076e280000)
  to   space 33792K, 0% used [0x000000076e700000,0x000000076e700000,0x0000000770800000)
 ParOldGen       total 68096K, used 54013K [0x00000006c0c00000, 0x00000006c4e80000, 0x000000076af00000)
  object space 68096K, 79% used [0x00000006c0c00000,0x00000006c40bf450,0x00000006c4e80000)
 Metaspace       used 10100K, capacity 10308K, committed 10496K, reserved 1058816K
  class space    used 1115K, capacity 1180K, committed 1280K, reserved 1048576K
Event: 4.478 GC heap after
Heap after GC invocations=24 (full 4):
 PSYoungGen      total 54784K, used 25719K [0x000000076af00000, 0x0000000770d00000, 0x00000007c0000000)
  eden space 20992K, 0% used [0x000000076af00000,0x000000076af00000,0x000000076c380000)
  from space 33792K, 76% used [0x000000076e700000,0x000000077001dcd8,0x0000000770800000)
  to   space 36352K, 0% used [0x000000076c380000,0x000000076c380000,0x000000076e700000)
 ParOldGen       total 68096K, used 54021K [0x00000006c0c00000, 0x00000006c4e80000, 0x000000076af00000)
  object space 68096K, 79% used [0x00000006c0c00000,0x00000006c40c1450,0x00000006c4e80000)
 Metaspace       used 10100K, capacity 10308K, committed 10496K, reserved 1058816K
  class space    used 1115K, capacity 1180K, committed 1280K, reserved 1048576K
}
Event: 4.647 GC heap before
{Heap before GC invocations=25 (full 4):
 PSYoungGen      total 54784K, used 46711K [0x000000076af00000, 0x0000000770d00000, 0x00000007c0000000)
  eden space 20992K, 100% used [0x000000076af00000,0x000000076c380000,0x000000076c380000)
  from space 33792K, 76% used [0x000000076e700000,0x000000077001dcd8,0x0000000770800000)
  to   space 36352K, 0% used [0x000000076c380000,0x000000076c380000,0x000000076e700000)
 ParOldGen       total 68096K, used 54021K [0x00000006c0c00000, 0x00000006c4e80000, 0x000000076af00000)
  object space 68096K, 79% used [0x00000006c0c00000,0x00000006c40c1450,0x00000006c4e80000)
 Metaspace       used 10866K, capacity 11082K, committed 11264K, reserved 1058816K
  class space    used 1194K, capacity 1245K, committed 1280K, reserved 1048576K
Event: 4.659 GC heap after
Heap after GC invocations=25 (full 4):
 PSYoungGen      total 57344K, used 28221K [0x000000076af00000, 0x0000000771200000, 0x00000007c0000000)
  eden space 20992K, 0% used [0x000000076af00000,0x000000076af00000,0x000000076c380000)
  from space 36352K, 77% used [0x000000076c380000,0x000000076df0f748,0x000000076e700000)
  to   space 39424K, 0% used [0x000000076eb80000,0x000000076eb80000,0x0000000771200000)
 ParOldGen       total 68096K, used 54029K [0x00000006c0c00000, 0x00000006c4e80000, 0x000000076af00000)
  object space 68096K, 79% used [0x00000006c0c00000,0x00000006c40c3450,0x00000006c4e80000)
 Metaspace       used 10866K, capacity 11082K, committed 11264K, reserved 1058816K
  class space    used 1194K, capacity 1245K, committed 1280K, reserved 1048576K
}
Event: 4.791 GC heap before
{Heap before GC invocations=26 (full 4):
 PSYoungGen      total 57344K, used 49213K [0x000000076af00000, 0x0000000771200000, 0x00000007c0000000)
  eden space 20992K, 100% used [0x000000076af00000,0x000000076c380000,0x000000076c380000)
  from space 36352K, 77% used [0x000000076c380000,0x000000076df0f748,0x000000076e700000)
  to   space 39424K, 0% used [0x000000076eb80000,0x000000076eb80000,0x0000000771200000)
 ParOldGen       total 68096K, used 54029K [0x00000006c0c00000, 0x00000006c4e80000, 0x000000076af00000)
  object space 68096K, 79% used [0x00000006c0c00000,0x00000006c40c3450,0x00000006c4e80000)
 Metaspace       used 10876K, capacity 11088K, committed 11264K, reserved 1058816K
  class space    used 1195K, capacity 1246K, committed 1280K, reserved 1048576K
Event: 4.809 GC heap after
Heap after GC invocations=26 (full 4):
 PSYoungGen      total 57856K, used 33376K [0x000000076af00000, 0x0000000771a80000, 0x00000007c0000000)
  eden space 18432K, 0% used [0x000000076af00000,0x000000076af00000,0x000000076c100000)
  from space 39424K, 84% used [0x000000076eb80000,0x0000000770c18318,0x0000000771200000)
  to   space 43520K, 0% used [0x000000076c100000,0x000000076c100000,0x000000076eb80000)
 ParOldGen       total 68096K, used 54037K [0x00000006c0c00000, 0x00000006c4e80000, 0x000000076af00000)
  object space 68096K, 79% used [0x00000006c0c00000,0x00000006c40c5450,0x00000006c4e80000)
 Metaspace       used 10876K, capacity 11088K, committed 11264K, reserved 1058816K
  class space    used 1195K, capacity 1246K, committed 1280K, reserved 1048576K
}

Deoptimization events (10 events):
Event: 4.516 Thread 0x0000000002a82800 Uncommon trap: reason=class_check action=maybe_recompile pc=0x000000000341a3d0 method=java.util.Collections$UnmodifiableCollection$1.hasNext()Z @ 4
Event: 4.516 Thread 0x0000000002a82800 Uncommon trap: reason=class_check action=maybe_recompile pc=0x00000000034973bc method=java.util.Collections$UnmodifiableCollection$1.next()Ljava/lang/Object; @ 4
Event: 4.516 Thread 0x0000000002a82800 Uncommon trap: reason=class_check action=maybe_recompile pc=0x000000000341a3d0 method=java.util.Collections$UnmodifiableCollection$1.hasNext()Z @ 4
Event: 4.516 Thread 0x0000000002a82800 Uncommon trap: reason=class_check action=maybe_recompile pc=0x00000000034973bc method=java.util.Collections$UnmodifiableCollection$1.next()Ljava/lang/Object; @ 4
Event: 4.516 Thread 0x0000000002a82800 Uncommon trap: reason=class_check action=maybe_recompile pc=0x000000000341a3d0 method=java.util.Collections$UnmodifiableCollection$1.hasNext()Z @ 4
Event: 4.516 Thread 0x0000000002a82800 Uncommon trap: reason=class_check action=maybe_recompile pc=0x00000000034973bc method=java.util.Collections$UnmodifiableCollection$1.next()Ljava/lang/Object; @ 4
Event: 4.516 Thread 0x0000000002a82800 Uncommon trap: reason=class_check action=maybe_recompile pc=0x000000000341a3d0 method=java.util.Collections$UnmodifiableCollection$1.hasNext()Z @ 4
Event: 4.516 Thread 0x0000000002a82800 Uncommon trap: reason=class_check action=maybe_recompile pc=0x00000000034973bc method=java.util.Collections$UnmodifiableCollection$1.next()Ljava/lang/Object; @ 4
Event: 4.527 Thread 0x0000000002a82800 Uncommon trap: reason=unstable_if action=reinterpret pc=0x000000000386dba8 method=com.sun.source.util.TreePathScanner.scan(Lcom/sun/source/tree/Tree;Ljava/lang/Object;)Ljava/lang/Object; @ 1
Event: 4.528 Thread 0x0000000002a82800 Uncommon trap: reason=unstable_if action=reinterpret pc=0x000000000386b150 method=com.sun.source.util.TreePathScanner.scan(Lcom/sun/source/tree/Tree;Ljava/lang/Object;)Ljava/lang/Object; @ 1

Classes redefined (0 events):
No events

Internal exceptions (10 events):
Event: 4.436 Thread 0x0000000002a82800 Exception <a 'java/lang/ArrayIndexOutOfBoundsException'> (0x000000076c19de00) thrown at [C:\re\workspace\8-2-build-windows-amd64-cygwin\jdk8u202\12323\hotspot\src\share\vm\runtime\sharedRuntime.cpp, line 605]
Event: 4.436 Thread 0x0000000002a82800 Exception <a 'java/lang/ArrayIndexOutOfBoundsException'> (0x000000076c19f070) thrown at [C:\re\workspace\8-2-build-windows-amd64-cygwin\jdk8u202\12323\hotspot\src\share\vm\runtime\sharedRuntime.cpp, line 605]
Event: 4.436 Thread 0x0000000002a82800 Exception <a 'java/lang/ArrayIndexOutOfBoundsException'> (0x000000076c1a03b8) thrown at [C:\re\workspace\8-2-build-windows-amd64-cygwin\jdk8u202\12323\hotspot\src\share\vm\runtime\sharedRuntime.cpp, line 605]
Event: 4.436 Thread 0x0000000002a82800 Exception <a 'java/lang/ArrayIndexOutOfBoundsException'> (0x000000076c1a1700) thrown at [C:\re\workspace\8-2-build-windows-amd64-cygwin\jdk8u202\12323\hotspot\src\share\vm\runtime\sharedRuntime.cpp, line 605]
Event: 4.436 Thread 0x0000000002a82800 Exception <a 'java/lang/ArrayIndexOutOfBoundsException'> (0x000000076c1a2958) thrown at [C:\re\workspace\8-2-build-windows-amd64-cygwin\jdk8u202\12323\hotspot\src\share\vm\runtime\sharedRuntime.cpp, line 605]
Event: 4.436 Thread 0x0000000002a82800 Exception <a 'java/lang/ArrayIndexOutOfBoundsException'> (0x000000076c1a3cc0) thrown at [C:\re\workspace\8-2-build-windows-amd64-cygwin\jdk8u202\12323\hotspot\src\share\vm\runtime\sharedRuntime.cpp, line 605]
Event: 4.437 Thread 0x0000000002a82800 Exception <a 'java/lang/ArrayIndexOutOfBoundsException'> (0x000000076c1a5720) thrown at [C:\re\workspace\8-2-build-windows-amd64-cygwin\jdk8u202\12323\hotspot\src\share\vm\runtime\sharedRuntime.cpp, line 605]
Event: 4.437 Thread 0x0000000002a82800 Exception <a 'java/lang/ArrayIndexOutOfBoundsException'> (0x000000076c1a6cb0) thrown at [C:\re\workspace\8-2-build-windows-amd64-cygwin\jdk8u202\12323\hotspot\src\share\vm\runtime\sharedRuntime.cpp, line 605]
Event: 4.527 Thread 0x0000000002a82800 Implicit null exception at 0x000000000386d9d7 to 0x000000000386db89
Event: 4.528 Thread 0x0000000002a82800 Implicit null exception at 0x000000000386adbc to 0x000000000386b139

Events (10 events):
Event: 4.622 Thread 0x0000000002a82800 DEOPT PACKING pc=0x00000000038dacc8 sp=0x0000000002a6cef0
Event: 4.622 Thread 0x0000000002a82800 DEOPT UNPACKING pc=0x0000000002bb7890 sp=0x0000000002a6cc30 mode 0
Event: 4.647 Executing VM operation: ParallelGCFailedAllocation
Event: 4.659 Executing VM operation: ParallelGCFailedAllocation done
Event: 4.663 loading class com/sun/tools/javac/tree/JCTree$JCMemberReference$ReferenceKind
Event: 4.663 loading class com/sun/tools/javac/tree/JCTree$JCMemberReference$ReferenceKind done
Event: 4.664 loading class com/sun/tools/javac/tree/JCTree$JCMemberReference$OverloadKind
Event: 4.664 loading class com/sun/tools/javac/tree/JCTree$JCMemberReference$OverloadKind done
Event: 4.791 Executing VM operation: ParallelGCFailedAllocation
Event: 4.809 Executing VM operation: ParallelGCFailedAllocation done


Dynamic libraries:
0x00007ff6a3c70000 - 0x00007ff6a3c77000 	C:\Program Files\Java\jdk1.8.0_202\bin\javac.exe
0x00007fffc8690000 - 0x00007fffc8888000 	C:\WINDOWS\SYSTEM32\ntdll.dll
0x00007fffc7000000 - 0x00007fffc70bf000 	C:\WINDOWS\System32\KERNEL32.DLL
0x00007fffc5fc0000 - 0x00007fffc629a000 	C:\WINDOWS\System32\KERNELBASE.dll
0x0000000072110000 - 0x00000000721e2000 	C:\Program Files\Java\jdk1.8.0_202\bin\MSVCR100.dll
0x00007fffa76d0000 - 0x00007fffa76ff000 	C:\Program Files\Java\jdk1.8.0_202\bin\jli.dll
0x00007fffc83a0000 - 0x00007fffc844e000 	C:\WINDOWS\System32\ADVAPI32.dll
0x00007fffc75a0000 - 0x00007fffc763e000 	C:\WINDOWS\System32\msvcrt.dll
0x00007fffc80d0000 - 0x00007fffc816c000 	C:\WINDOWS\System32\sechost.dll
0x00007fffc7ee0000 - 0x00007fffc8006000 	C:\WINDOWS\System32\RPCRT4.dll
0x00007fffc8170000 - 0x00007fffc830d000 	C:\WINDOWS\System32\USER32.dll
0x00007fffaa640000 - 0x00007fffaa8da000 	C:\WINDOWS\WinSxS\amd64_microsoft.windows.common-controls_6595b64144ccf1df_6.0.19041.1110_none_60b5254171f9507e\COMCTL32.dll
0x00007fffc62a0000 - 0x00007fffc62c2000 	C:\WINDOWS\System32\win32u.dll
0x00007fffc8010000 - 0x00007fffc803b000 	C:\WINDOWS\System32\GDI32.dll
0x00007fffc5da0000 - 0x00007fffc5eb0000 	C:\WINDOWS\System32\gdi32full.dll
0x00007fffc5eb0000 - 0x00007fffc5f4d000 	C:\WINDOWS\System32\msvcp_win.dll
0x00007fffc6560000 - 0x00007fffc6660000 	C:\WINDOWS\System32\ucrtbase.dll
0x00007fffc8370000 - 0x00007fffc83a0000 	C:\WINDOWS\System32\IMM32.DLL
0x00000000721f0000 - 0x00000000722c2000 	C:\Program Files\Java\jdk1.8.0_202\jre\bin\msvcr100.dll
0x0000000071810000 - 0x00000000720b5000 	C:\Program Files\Java\jdk1.8.0_202\jre\bin\server\jvm.dll
0x00007fffc8040000 - 0x00007fffc8048000 	C:\WINDOWS\System32\PSAPI.DLL
0x00007fffc05a0000 - 0x00007fffc05a9000 	C:\WINDOWS\SYSTEM32\WSOCK32.dll
0x00007fffb2f30000 - 0x00007fffb2f57000 	C:\WINDOWS\SYSTEM32\WINMM.dll
0x00007fffc17a0000 - 0x00007fffc17aa000 	C:\WINDOWS\SYSTEM32\VERSION.dll
0x00007fffc7530000 - 0x00007fffc759b000 	C:\WINDOWS\System32\WS2_32.dll
0x00007fffc00c0000 - 0x00007fffc00cf000 	C:\Program Files\Java\jdk1.8.0_202\jre\bin\verify.dll
0x00007fffb2af0000 - 0x00007fffb2b19000 	C:\Program Files\Java\jdk1.8.0_202\jre\bin\java.dll
0x00007fffbfcc0000 - 0x00007fffbfcd6000 	C:\Program Files\Java\jdk1.8.0_202\jre\bin\zip.dll
0x00007fffc7720000 - 0x00007fffc7e64000 	C:\WINDOWS\System32\SHELL32.dll
0x00007fffc3e80000 - 0x00007fffc4613000 	C:\WINDOWS\SYSTEM32\windows.storage.dll
0x00007fffc6750000 - 0x00007fffc6aa4000 	C:\WINDOWS\System32\combase.dll
0x00007fffc5790000 - 0x00007fffc57be000 	C:\WINDOWS\SYSTEM32\Wldp.dll
0x00007fffc6b60000 - 0x00007fffc6c0d000 	C:\WINDOWS\System32\SHCORE.dll
0x00007fffc6fa0000 - 0x00007fffc6ff5000 	C:\WINDOWS\System32\shlwapi.dll
0x00007fffc5ce0000 - 0x00007fffc5cff000 	C:\WINDOWS\SYSTEM32\profapi.dll

VM Arguments:
jvm_args: -Dapplication.home=C:\Program Files\Java\jdk1.8.0_202 -Xms8m 
java_command: com.sun.tools.javac.Main -d D:\Dropbox\NetbeansProjects\open-jazari-library\build\classes -classpath D:\Dropbox\NetbeansProjects\open-jazari-library\build\classes;D:\Dropbox\NetbeansProjects\open-jazari-library\lib\nd4j\annotations-13.0.jar;D:\Dropbox\NetbeansProjects\open-jazari-library\lib\nd4j\apiguardian-api-1.1.1.jar;D:\Dropbox\NetbeansProjects\open-jazari-library\lib\nd4j\asm-7.2.jar;D:\Dropbox\NetbeansProjects\open-jazari-library\lib\nd4j\common-java5-3.0.0-M5.jar;D:\Dropbox\NetbeansProjects\open-jazari-library\lib\nd4j\commons-collections4-4.1.jar;D:\Dropbox\NetbeansProjects\open-jazari-library\lib\nd4j\commons-lang3-3.6.jar;D:\Dropbox\NetbeansProjects\open-jazari-library\lib\nd4j\commons-math3-3.5.jar;D:\Dropbox\NetbeansProjects\open-jazari-library\lib\nd4j\deeplearning4j-utility-iterators-1.0.0-M1.1.jar;D:\Dropbox\NetbeansProjects\open-jazari-library\lib\nd4j\guava-1.0.0-M1.1.jar;D:\Dropbox\NetbeansProjects\open-jazari-library\lib\nd4j\jackson-1.0.0-M1.1.jar;D:\Dropbox\NetbeansProjects\open-jazari-library\lib\nd4j\javacpp-1.5.5-windows-x86_64.jar;D:\Dropbox\NetbeansProjects\open-jazari-library\lib\nd4j\javacpp-1.5.5.jar;D:\Dropbox\NetbeansProjects\open-jazari-library\lib\nd4j\junit-jupiter-api-5.8.0-M1.jar;D:\Dropbox\NetbeansProjects\open-jazari-library\lib\nd4j\junit-jupiter-engine-5.8.0-M1.jar;D:\Dropbox\NetbeansProjects\open-jazari-library\lib\nd4j\junit-platform-commons-1.3.2.jar;D:\Dropbox\NetbeansProjects\open-jazari-library\lib\nd4j\junit-platform-commons-1.8.0-M1.jar;D:\Dropbox\NetbeansProjects\open-jazari-library\lib\nd4j\junit-platform-engine-1.3.2.jar;D:\Dropbox\NetbeansProjects\open-jazari-library\lib\nd4j\junit-platform-engine-1.8.0-M1.jar;D:\Dropbox\NetbeansProjects\open-jazari-library\lib\nd4j\junit-platform-launcher-1.3.2.jar;D:\Dropbox\NetbeansProjects\open-jazari-library\lib\nd4j\kotlin-stdlib-1.4.20.jar;D:\Dropbox\NetbeansProjects\open-jazari-library\lib\nd4j\kotlin-stdlib-common-1.4.20.jar;D:\Dropbox\NetbeansProjects\ope
java_class_path (initial): C:\Program Files\Java\jdk1.8.0_202/lib/tools.jar;C:\Program Files\Java\jdk1.8.0_202/classes
Launcher Type: SUN_STANDARD

Environment Variables:
PATH=C:\Program Files (x86)\Common Files\Oracle\Java\javapath;C:\Program Files\National Instruments\Shared\OpenVINO\;C:\Program Files\NVIDIA GPU Computing Toolkit\CUDA\v11.8\bin;C:\Program Files\NVIDIA GPU Computing Toolkit\CUDA\v11.8\libnvvp;C:\Windows\system32;C:\Windows;C:\Windows\System32\Wbem;C:\Windows\System32\WindowsPowerShell\v1.0\;C:\Windows\System32\OpenSSH\;C:\Program Files\nodejs\;C:\Program Files (x86)\NVIDIA Corporation\PhysX\Common;C:\WINDOWS\system32;C:\WINDOWS;C:\WINDOWS\System32\Wbem;C:\WINDOWS\System32\WindowsPowerShell\v1.0\;C:\WINDOWS\System32\OpenSSH\;C:\Program Files\Git\cmd;C:\Program Files\protoc-3.20.0-win64\bin;D:\protobuf\bin;C:\Program Files\NVIDIA Corporation\Nsight Compute 2022.3.0\;C:\Program Files\NVIDIA GPU Computing Toolkit\CUDA\v11.8\extras\CUPTI\include;C:\Program Files\NVIDIA GPU Computing Toolkit\CUDA\v11.8\extras\CUPTI\lib64;C:\Program Files\NVIDIA GPU Computing Toolkit\CUDA\v11.8\bin;D:\Required_cuda_nvidia\cudnn_8.6\bin;D:\Required_cuda_nvidia\cudnn_8.6\include;C:\Users\dell_lab\AppData\Local\Programs\Python\Python310\Scripts\;C:\Users\dell_lab\AppData\Local\Programs\Python\Python310\;C:\Users\dell_lab\AppData\Local\Microsoft\WindowsApps;C:\Users\dell_lab\AppData\Roaming\npm;C:\Users\dell_lab\AppData\Local\Programs\Microsoft VS Code\bin;;D:\PyCharm Community Edition 2022.3.1\bin;
USERNAME=dell_lab
OS=Windows_NT
PROCESSOR_IDENTIFIER=Intel64 Family 6 Model 62 Stepping 4, GenuineIntel



---------------  S Y S T E M  ---------------

OS: Windows 10.0 , 64 bit Build 19041 (10.0.19041.2788)

CPU:total 24 (initial active 24) (6 cores per cpu, 2 threads per core) family 6 model 62 stepping 4, cmov, cx8, fxsr, mmx, sse, sse2, sse3, ssse3, sse4.1, sse4.2, popcnt, avx, aes, clmul, erms, ht, tsc, tscinvbit

Memory: 4k page, physical 16720176k(5945852k free), swap 31290028k(5124k free)

vm_info: Java HotSpot(TM) 64-Bit Server VM (25.202-b08) for windows-amd64 JRE (1.8.0_202-b08), built on Dec 15 2018 19:54:30 by "java_re" with MS VC++ 10.0 (VS2010)

time: Thu Apr 27 14:40:30 2023
timezone: Türkiye Standart Saati
elapsed time: 4 seconds (0d 0h 0m 4s)

