#
# There is insufficient memory for the Java Runtime Environment to continue.
# Native memory allocation (malloc) failed to allocate 1048576 bytes for AllocateHeap
# Possible reasons:
#   The system is out of physical RAM or swap space
#   The process is running with CompressedOops enabled, and the Java Heap may be blocking the growth of the native heap
# Possible solutions:
#   Reduce memory load on the system
#   Increase physical memory or swap space
#   Check if swap backing store is full
#   Decrease Java heap size (-Xmx/-Xms)
#   Decrease number of Java threads
#   Decrease Java thread stack sizes (-Xss)
#   Set larger code cache with -XX:ReservedCodeCacheSize=
#   JVM is running with Zero Based Compressed Oops mode in which the Java heap is
#     placed in the first 32GB address space. The Java Heap base address is the
#     maximum limit for the native heap growth. Please use -XX:HeapBaseMinAddress
#     to set the Java Heap base and to place the Java Heap above 32GB virtual address.
# This output file may be truncated or incomplete.
#
#  Out of Memory Error (memory/allocation.inline.hpp:61), pid=976, tid=0x0000000000000c54
#
# JRE version:  (8.0_202-b08) (build )
# Java VM: Java HotSpot(TM) 64-Bit Server VM (25.202-b08 mixed mode windows-amd64 compressed oops)
# Failed to write core dump. Minidumps are not enabled by default on client versions of Windows
#

---------------  T H R E A D  ---------------

Current thread (0x0000000002b32800):  JavaThread "Unknown thread" [_thread_in_vm, id=3156, stack(0x0000000002a20000,0x0000000002b20000)]

Stack: [0x0000000002a20000,0x0000000002b20000]
[error occurred during error reporting (printing stack bounds), id 0xc0000005]

Native frames: (J=compiled Java code, j=interpreted, Vv=VM code, C=native code)


---------------  P R O C E S S  ---------------

Java Threads: ( => current thread )

Other Threads:

=>0x0000000002b32800 (exited) JavaThread "Unknown thread" [_thread_in_vm, id=3156, stack(0x0000000002a20000,0x0000000002b20000)]

VM state:not at safepoint (normal execution)

VM Mutex/Monitor currently owned by a thread: None

heap address: 0x00000006c0c00000, size: 4084 MB, Compressed Oops mode: Zero based, Oop shift amount: 3
Narrow klass base: 0x0000000000000000, Narrow klass shift: 3
Compressed class space size: 1073741824 Address: 0x00000007c0000000

Heap:
 PSYoungGen      total 2048K, used 30K [0x000000076af00000, 0x000000076b180000, 0x00000007c0000000)
  eden space 1536K, 2% used [0x000000076af00000,0x000000076af07af0,0x000000076b080000)
  from space 512K, 0% used [0x000000076b100000,0x000000076b100000,0x000000076b180000)
  to   space 512K, 0% used [0x000000076b080000,0x000000076b080000,0x000000076b100000)
 ParOldGen       total 5632K, used 0K [0x00000006c0c00000, 0x00000006c1180000, 0x000000076af00000)
  object space 5632K, 0% used [0x00000006c0c00000,0x00000006c0c00000,0x00000006c1180000)
 Metaspace       used 775K, capacity 4480K, committed 4480K, reserved 1056768K
  class space    used 76K, capacity 384K, committed 384K, reserved 1048576K

Card table byte_map: [0x0000000011fe0000,0x00000000127e0000] byte_map_base: 0x000000000e9da000

Marking Bits: (ParMarkBitMap*) 0x0000000071ed5ce0
 Begin Bits: [0x0000000013f40000, 0x0000000017f10000)
 End Bits:   [0x0000000017f10000, 0x000000001bee0000)

Polling page: 0x0000000001000000

CodeCache: size=245760Kb used=328Kb max_used=328Kb free=245431Kb
 bounds [0x0000000002c20000, 0x0000000002e90000, 0x0000000011c20000]
 total_blobs=58 nmethods=0 adapters=38
 compilation: enabled

Compilation events (0 events):
No events

GC Heap History (0 events):
No events

Deoptimization events (0 events):
No events

Classes redefined (0 events):
No events

Internal exceptions (0 events):
No events

Events (10 events):
Event: 0.027 loading class java/lang/Short
Event: 0.027 loading class java/lang/Short done
Event: 0.027 loading class java/lang/Integer
Event: 0.028 loading class java/lang/Integer done
Event: 0.028 loading class java/lang/Long
Event: 0.028 loading class java/lang/Long done
Event: 0.028 loading class java/lang/NullPointerException
Event: 0.028 loading class java/lang/NullPointerException done
Event: 0.028 loading class java/lang/ArithmeticException
Event: 0.028 loading class java/lang/ArithmeticException done


Dynamic libraries:
0x00007ff6a3c70000 - 0x00007ff6a3c77000 	C:\Program Files\Java\jdk1.8.0_202\bin\javac.exe
0x00007fffc8690000 - 0x00007fffc8888000 	C:\WINDOWS\SYSTEM32\ntdll.dll
0x00007fffc7000000 - 0x00007fffc70bf000 	C:\WINDOWS\System32\KERNEL32.DLL
0x00007fffc5fc0000 - 0x00007fffc629a000 	C:\WINDOWS\System32\KERNELBASE.dll
0x0000000072350000 - 0x0000000072422000 	C:\Program Files\Java\jdk1.8.0_202\bin\MSVCR100.dll
0x00007fffb5480000 - 0x00007fffb54af000 	C:\Program Files\Java\jdk1.8.0_202\bin\jli.dll
0x00007fffc83a0000 - 0x00007fffc844e000 	C:\WINDOWS\System32\ADVAPI32.dll
0x00007fffc75a0000 - 0x00007fffc763e000 	C:\WINDOWS\System32\msvcrt.dll
0x00007fffc80d0000 - 0x00007fffc816c000 	C:\WINDOWS\System32\sechost.dll
0x00007fffc7ee0000 - 0x00007fffc8006000 	C:\WINDOWS\System32\RPCRT4.dll
0x00007fffc8170000 - 0x00007fffc830d000 	C:\WINDOWS\System32\USER32.dll
0x00007fffaa640000 - 0x00007fffaa8da000 	C:\WINDOWS\WinSxS\amd64_microsoft.windows.common-controls_6595b64144ccf1df_6.0.19041.1110_none_60b5254171f9507e\COMCTL32.dll
0x00007fffc62a0000 - 0x00007fffc62c2000 	C:\WINDOWS\System32\win32u.dll
0x00007fffc8010000 - 0x00007fffc803b000 	C:\WINDOWS\System32\GDI32.dll
0x00007fffc5da0000 - 0x00007fffc5eb0000 	C:\WINDOWS\System32\gdi32full.dll
0x00007fffc5eb0000 - 0x00007fffc5f4d000 	C:\WINDOWS\System32\msvcp_win.dll
0x00007fffc6560000 - 0x00007fffc6660000 	C:\WINDOWS\System32\ucrtbase.dll
0x00007fffc8370000 - 0x00007fffc83a0000 	C:\WINDOWS\System32\IMM32.DLL
0x00000000715d0000 - 0x00000000716a2000 	C:\Program Files\Java\jdk1.8.0_202\jre\bin\msvcr100.dll
0x00000000716b0000 - 0x0000000071f55000 	C:\Program Files\Java\jdk1.8.0_202\jre\bin\server\jvm.dll
0x00007fffc8040000 - 0x00007fffc8048000 	C:\WINDOWS\System32\PSAPI.DLL
0x00007fffc17a0000 - 0x00007fffc17aa000 	C:\WINDOWS\SYSTEM32\VERSION.dll
0x00007fffb2f30000 - 0x00007fffb2f57000 	C:\WINDOWS\SYSTEM32\WINMM.dll
0x00007fffc05a0000 - 0x00007fffc05a9000 	C:\WINDOWS\SYSTEM32\WSOCK32.dll
0x00007fffc7530000 - 0x00007fffc759b000 	C:\WINDOWS\System32\WS2_32.dll
0x00007fffc00c0000 - 0x00007fffc00cf000 	C:\Program Files\Java\jdk1.8.0_202\jre\bin\verify.dll
0x00007fffb2af0000 - 0x00007fffb2b19000 	C:\Program Files\Java\jdk1.8.0_202\jre\bin\java.dll
0x00007fffb5450000 - 0x00007fffb5466000 	C:\Program Files\Java\jdk1.8.0_202\jre\bin\zip.dll

VM Arguments:
jvm_args: -Dapplication.home=C:\Program Files\Java\jdk1.8.0_202 -Xms8m 
java_command: com.sun.tools.javac.Main -d D:\Dropbox\NetbeansProjects\open-jazari-library\build\classes -classpath D:\Dropbox\NetbeansProjects\open-jazari-library\build\classes;D:\Dropbox\NetbeansProjects\open-jazari-library\lib\nd4j\annotations-13.0.jar;D:\Dropbox\NetbeansProjects\open-jazari-library\lib\nd4j\apiguardian-api-1.1.1.jar;D:\Dropbox\NetbeansProjects\open-jazari-library\lib\nd4j\asm-7.2.jar;D:\Dropbox\NetbeansProjects\open-jazari-library\lib\nd4j\common-java5-3.0.0-M5.jar;D:\Dropbox\NetbeansProjects\open-jazari-library\lib\nd4j\commons-collections4-4.1.jar;D:\Dropbox\NetbeansProjects\open-jazari-library\lib\nd4j\commons-lang3-3.6.jar;D:\Dropbox\NetbeansProjects\open-jazari-library\lib\nd4j\commons-math3-3.5.jar;D:\Dropbox\NetbeansProjects\open-jazari-library\lib\nd4j\deeplearning4j-utility-iterators-1.0.0-M1.1.jar;D:\Dropbox\NetbeansProjects\open-jazari-library\lib\nd4j\guava-1.0.0-M1.1.jar;D:\Dropbox\NetbeansProjects\open-jazari-library\lib\nd4j\jackson-1.0.0-M1.1.jar;D:\Dropbox\NetbeansProjects\open-jazari-library\lib\nd4j\javacpp-1.5.5-windows-x86_64.jar;D:\Dropbox\NetbeansProjects\open-jazari-library\lib\nd4j\javacpp-1.5.5.jar;D:\Dropbox\NetbeansProjects\open-jazari-library\lib\nd4j\junit-jupiter-api-5.8.0-M1.jar;D:\Dropbox\NetbeansProjects\open-jazari-library\lib\nd4j\junit-jupiter-engine-5.8.0-M1.jar;D:\Dropbox\NetbeansProjects\open-jazari-library\lib\nd4j\junit-platform-commons-1.3.2.jar;D:\Dropbox\NetbeansProjects\open-jazari-library\lib\nd4j\junit-platform-commons-1.8.0-M1.jar;D:\Dropbox\NetbeansProjects\open-jazari-library\lib\nd4j\junit-platform-engine-1.3.2.jar;D:\Dropbox\NetbeansProjects\open-jazari-library\lib\nd4j\junit-platform-engine-1.8.0-M1.jar;D:\Dropbox\NetbeansProjects\open-jazari-library\lib\nd4j\junit-platform-launcher-1.3.2.jar;D:\Dropbox\NetbeansProjects\open-jazari-library\lib\nd4j\kotlin-stdlib-1.4.20.jar;D:\Dropbox\NetbeansProjects\open-jazari-library\lib\nd4j\kotlin-stdlib-common-1.4.20.jar;D:\Dropbox\NetbeansProjects\ope
java_class_path (initial): C:\Program Files\Java\jdk1.8.0_202/lib/tools.jar;C:\Program Files\Java\jdk1.8.0_202/classes
Launcher Type: SUN_STANDARD

Environment Variables:
PATH=C:\Program Files (x86)\Common Files\Oracle\Java\javapath;C:\Program Files\National Instruments\Shared\OpenVINO\;C:\Program Files\NVIDIA GPU Computing Toolkit\CUDA\v11.8\bin;C:\Program Files\NVIDIA GPU Computing Toolkit\CUDA\v11.8\libnvvp;C:\Windows\system32;C:\Windows;C:\Windows\System32\Wbem;C:\Windows\System32\WindowsPowerShell\v1.0\;C:\Windows\System32\OpenSSH\;C:\Program Files\nodejs\;C:\Program Files (x86)\NVIDIA Corporation\PhysX\Common;C:\WINDOWS\system32;C:\WINDOWS;C:\WINDOWS\System32\Wbem;C:\WINDOWS\System32\WindowsPowerShell\v1.0\;C:\WINDOWS\System32\OpenSSH\;C:\Program Files\Git\cmd;C:\Program Files\protoc-3.20.0-win64\bin;D:\protobuf\bin;C:\Program Files\NVIDIA Corporation\Nsight Compute 2022.3.0\;C:\Program Files\NVIDIA GPU Computing Toolkit\CUDA\v11.8\extras\CUPTI\include;C:\Program Files\NVIDIA GPU Computing Toolkit\CUDA\v11.8\extras\CUPTI\lib64;C:\Program Files\NVIDIA GPU Computing Toolkit\CUDA\v11.8\bin;D:\Required_cuda_nvidia\cudnn_8.6\bin;D:\Required_cuda_nvidia\cudnn_8.6\include;C:\Users\dell_lab\AppData\Local\Programs\Python\Python310\Scripts\;C:\Users\dell_lab\AppData\Local\Programs\Python\Python310\;C:\Users\dell_lab\AppData\Local\Microsoft\WindowsApps;C:\Users\dell_lab\AppData\Roaming\npm;C:\Users\dell_lab\AppData\Local\Programs\Microsoft VS Code\bin;;D:\PyCharm Community Edition 2022.3.1\bin;
USERNAME=dell_lab
OS=Windows_NT
PROCESSOR_IDENTIFIER=Intel64 Family 6 Model 62 Stepping 4, GenuineIntel



---------------  S Y S T E M  ---------------

OS: Windows 10.0 , 64 bit Build 19041 (10.0.19041.2788)

CPU:total 24 (initial active 24) (6 cores per cpu, 2 threads per core) family 6 model 62 stepping 4, cmov, cx8, fxsr, mmx, sse, sse2, sse3, ssse3, sse4.1, sse4.2, popcnt, avx, aes, clmul, erms, ht, tsc, tscinvbit

Memory: 4k page, physical 16720176k(5837140k free), swap 31290028k(5436k free)

vm_info: Java HotSpot(TM) 64-Bit Server VM (25.202-b08) for windows-amd64 JRE (1.8.0_202-b08), built on Dec 15 2018 19:54:30 by "java_re" with MS VC++ 10.0 (VS2010)

time: Thu Apr 27 14:39:23 2023
timezone: Türkiye Standart Saati
elapsed time: 0 seconds (0d 0h 0m 0s)

